%% Time(ms)	T(h:m:s.ms)     	Counter	      Ch_000	      Ch_001	      Ch_002	      Ch_005	      Ch_007	       Phase
     1947790	0:32:27.790	      196605	      687.58	       27.53	       76.53	       32511	       17.86	          16
     1947800	0:32:27.800	      196606	      825.97	       28.10	       85.65	       32511	       18.27	          16
     1947810	0:32:27.810	      196607	      852.73	       28.38	       98.18	       32511	       18.52	          16
     1947820	0:32:27.820	      196608	      885.63	       28.38	      102.38	       32511	       18.01	          16
     1947830	0:32:27.830	      196609	      868.36	       28.43	       94.60	       32511	       17.79	          16
     1947840	0:32:27.840	      196610	      866.37	       29.03	      107.05	       32511	       18.24	          16
     1947850	0:32:27.850	      196611	      868.31	       28.92	      113.09	       32511	       18.53	          16
     1947860	0:32:27.860	      196612	      842.51	       29.17	      119.53	       32511	       19.06	          16
     1947870	0:32:27.870	      196613	      870.61	       29.33	      129.04	       32511	       18.33	          16
     1947880	0:32:27.880	      196614	      841.67	       29.58	      133.32	       32511	       18.34	          16
     1947890	0:32:27.890	      196615	      855.74	       29.98	      140.42	       32511	       18.51	          16
     1947900	0:32:27.900	      196616	      870.88	       30.03	      153.70	       32511	       19.13	          16
     1947910	0:32:27.910	      196617	      851.37	       30.68	      161.47	       32511	       19.49	          16
     1947920	0:32:27.920	      196618	      837.60	       30.52	      164.13	       32511	       19.31	          16
     1947930	0:32:27.930	      196619	      851.94	       30.67	      174.23	       32511	       18.72	          16
     1947940	0:32:27.940	      196620	      846.37	       30.39	      176.54	       32511	       19.35	          16
     1947950	0:32:27.950	      196621	      845.73	       31.11	      185.19	       32511	       19.37	          16
     1947960	0:32:27.960	      196622	      836.38	       31.09	      189.41	       32511	       19.58	          16
     1947970	0:32:27.970	      196623	      848.06	       31.58	      195.82	       32511	       19.77	          16
     1947980	0:32:27.980	      196624	      849.06	       31.42	      202.54	       32511	       19.99	          16
     1947990	0:32:27.990	      196625	      871.89	       31.97	      220.71	       32511	       19.12	          16
     1948000	0:32:28.0	      196626	      848.14	       31.95	      219.37	       32511	       19.98	          16
     1948010	0:32:28.10	      196627	      849.36	       31.97	      229.08	       32511	       20.19	          16
     1948020	0:32:28.20	      196628	      847.69	       32.27	      232.78	       32511	       19.90	          16
     1948030	0:32:28.30	      196629	      868.88	       32.74	      243.34	       32511	       19.67	          16
     1948040	0:32:28.40	      196630	      841.96	       32.76	      250.32	       32511	       20.53	          16
     1948050	0:32:28.50	      196631	      854.67	       32.87	      256.63	       32511	       20.06	          16
     1948060	0:32:28.60	      196632	      860.48	       33.25	      267.63	       32511	       20.42	          16
     1948070	0:32:28.70	      196633	      873.13	       33.29	      275.17	       32511	       21.04	          16
     1948080	0:32:28.80	      196634	      849.23	       33.14	      274.35	       32511	       20.12	          16
     1948090	0:32:28.90	      196635	      860.90	       33.54	      286.90	       32511	       19.89	          16
     1948100	0:32:28.100	      196636	      862.77	       33.80	      288.30	       32511	       19.72	          16
     1948110	0:32:28.110	      196637	      873.09	       34.02	      296.74	       32511	       20.00	          16
     1948120	0:32:28.120	      196638	      849.81	       34.68	      305.01	       32511	       20.69	          16
     1948130	0:32:28.130	      196639	      882.19	       34.33	      311.49	       32511	       20.55	          16
     1948140	0:32:28.140	      196640	      839.95	       34.63	      321.90	       32511	       21.02	          16
     1948150	0:32:28.150	      196641	      846.83	       35.14	      329.59	       32511	       21.09	          16
     1948160	0:32:28.160	      196642	      851.77	       34.96	      338.18	       32511	       21.53	          16
     1948170	0:32:28.170	      196643	      855.36	       35.13	      339.34	       32511	       21.37	          16
     1948180	0:32:28.180	      196645	      856.76	       35.19	      344.44	       32511	       20.78	          32
     1948190	0:32:28.190	      196646	      868.42	       32.44	      350.32	       32511	       21.00	          32
     1948200	0:32:28.200	      196647	      867.32	       29.82	      355.71	       32511	       21.41	          32
     1948210	0:32:28.210	      196648	      849.89	       27.56	      369.80	       32511	       20.54	          32
     1948220	0:32:28.220	      196649	      860.95	       27.15	      372.75	       32511	       20.18	          32
     1948230	0:32:28.230	      196650	      810.80	       26.86	      377.88	       32511	       21.47	          32
     1948240	0:32:28.240	      196651	      825.90	       26.71	      381.09	       32511	       20.63	          32
     1948250	0:32:28.250	      196652	      790.70	       27.25	      381.38	       32511	       20.86	          32
     1948260	0:32:28.260	      196653	      745.03	       27.38	      379.46	       32511	       20.00	          32
     1948270	0:32:28.270	      196654	      652.45	       27.24	      376.02	       32511	       20.76	          32
     1948280	0:32:28.280	      196655	      550.54	       27.65	      381.00	       32511	       21.40	          32
     1948290	0:32:28.290	      196656	      440.18	       27.95	      379.18	       32511	       20.07	          32
     1948300	0:32:28.300	      196657	      393.69	       27.36	      379.69	       32511	       20.35	          32
     1948310	0:32:28.310	      196658	      207.45	       26.90	      378.87	       32511	       21.67	          32
     1948320	0:32:28.320	      196659	      154.79	       26.58	      382.47	       32511	       21.28	          32
     1948330	0:32:28.330	      196660	      118.59	       26.85	      378.30	       32511	       19.68	          32
     1948340	0:32:28.340	      196661	      103.97	       26.78	      379.85	       32511	       21.01	          32
     1948350	0:32:28.350	      196662	       63.73	       27.08	      374.07	       32511	       20.44	          32
     1948360	0:32:28.360	      196663	       53.63	       26.89	      380.08	       32511	       19.77	          32
     1948370	0:32:28.370	      196664	       45.79	       26.63	      380.94	       32511	       20.84	          32
     1948380	0:32:28.380	      196665	       57.41	       27.11	      382.44	       32511	       20.50	          32
     1948390	0:32:28.390	      196666	       68.93	       27.15	      378.80	       32511	       21.19	          32
     1948400	0:32:28.400	      196667	       78.19	       27.28	      380.30	       32511	       21.03	          32
     1948410	0:32:28.410	      196668	       86.21	       26.94	      375.13	       32511	       21.43	          32
     1948420	0:32:28.420	      196669	       91.37	       26.74	      381.13	       32511	       20.39	          32
     1948430	0:32:28.430	      196670	       77.62	       26.55	      381.26	       32511	       20.09	          32
     1948440	0:32:28.440	      196671	       50.46	       26.61	      380.59	       32511	       20.80	          32
     1948450	0:32:28.450	      196672	       63.15	       26.52	      382.38	       32511	       21.34	          32
     1948460	0:32:28.460	      196673	       70.85	       26.73	      378.66	       32511	       20.37	          32
     1948470	0:32:28.470	      196674	       69.23	       26.67	      383.46	       32511	       21.07	          32
     1948480	0:32:28.480	      196675	       63.41	       26.56	      380.90	       32511	       20.81	          32
     1948490	0:32:28.490	      196677	       66.47	       25.68	      379.33	       32511	       20.78	          48
     1948500	0:32:28.500	      196678	       66.70	       26.20	      378.54	       32511	       20.89	          48
     1948510	0:32:28.510	      196679	       80.46	       24.38	      380.59	       32511	       21.06	          48
     1948520	0:32:28.520	      196680	       70.92	       20.74	      377.08	       32511	       21.81	          48
     1948530	0:32:28.530	      196681	       67.23	       20.23	      374.56	       32511	       19.93	          48
     1948540	0:32:28.540	      196682	       33.01	       19.51	      373.30	       32511	       21.60	          48
     1948550	0:32:28.550	      196683	       42.13	       19.35	      368.43	       32511	       20.43	          48
     1948560	0:32:28.560	      196684	       18.92	       19.30	      370.75	       32511	       20.59	          48
     1948570	0:32:28.570	      196685	      -68.37	       20.15	      355.85	       32511	       21.99	          48
     1948580	0:32:28.580	      196686	      -75.60	       20.30	      356.42	       32511	       20.25	          48
     1948590	0:32:28.590	      196687	     -111.41	       20.14	      349.58	       32511	       20.76	          48
     1948600	0:32:28.600	      196688	     -203.00	       19.95	      341.71	       32511	       20.10	          48
     1948610	0:32:28.610	      196689	     -264.85	       19.97	      336.58	       32511	       20.53	          48
     1948620	0:32:28.620	      196690	     -261.98	       19.48	      335.67	       32511	       20.04	          48
     1948630	0:32:28.630	      196691	     -296.17	       19.74	      332.58	       32511	       20.67	          48
     1948640	0:32:28.640	      196692	     -335.40	       19.78	      325.07	       32511	       19.71	          48
     1948650	0:32:28.650	      196693	     -354.92	       19.62	      322.61	       32511	       20.34	          48
     1948660	0:32:28.660	      196694	     -375.86	       19.63	      317.90	       32511	       21.18	          48
     1948670	0:32:28.670	      196695	     -373.72	       19.39	      309.91	       32511	       20.06	          48
     1948680	0:32:28.680	      196696	     -363.39	       19.61	      305.02	       32511	       20.37	          48
     1948690	0:32:28.690	      196697	     -364.00	       19.11	      295.27	       32511	       20.11	          48
     1948700	0:32:28.700	      196698	     -357.85	       19.38	      291.02	       32511	       19.77	          48
     1948710	0:32:28.710	      196699	     -342.84	       19.28	      293.87	       32511	       19.16	          48
     1948720	0:32:28.720	      196700	     -339.48	       19.41	      291.97	       32511	       20.44	          48
     1948730	0:32:28.730	      196701	     -352.02	       19.44	      282.14	       32511	       19.47	          48
     1948740	0:32:28.740	      196702	     -332.43	       19.17	      275.35	       32511	       19.53	          48
     1948750	0:32:28.750	      196703	     -343.92	       19.09	      275.37	       32511	       19.36	          48
     1948760	0:32:28.760	      196704	     -337.42	       19.23	      269.06	       32511	       19.81	          48
     1948770	0:32:28.770	      196705	     -322.98	       18.93	      266.63	       32511	       20.41	          48
     1948780	0:32:28.780	      196706	     -310.48	       18.93	      254.38	       32511	       19.51	          48
     1948790	0:32:28.790	      196707	     -315.93	       19.22	      253.96	       32511	       20.28	          48
     1948800	0:32:28.800	      196708	     -299.56	       18.52	      254.44	       32511	       19.10	          48
     1948810	0:32:28.810	      196709	     -298.24	       18.68	      246.69	       32511	       20.02	          48
     1948820	0:32:28.820	      196710	     -292.67	       18.89	      247.84	       32511	       19.42	          48
     1948830	0:32:28.830	      196711	     -309.97	       18.91	      241.55	       32511	       19.04	          48
     1948840	0:32:28.840	      196712	     -295.28	       18.58	      233.36	       32511	       19.92	          48
     1948850	0:32:28.850	      196713	     -294.05	       19.12	      226.77	       32511	       18.54	          48
     1948860	0:32:28.860	      196714	     -278.40	       19.10	      230.98	       32511	       20.10	          48
     1948870	0:32:28.870	      196715	     -298.46	       19.13	      222.32	       32511	       19.90	          48
     1948880	0:32:28.880	      196716	     -291.05	       18.79	      225.17	       32511	       19.15	          48
     1948890	0:32:28.890	      196717	     -260.91	       18.77	      220.18	       32511	       18.07	          48
     1948900	0:32:28.900	      196718	     -283.16	       18.71	      215.46	       32511	       18.87	          48
     1948910	0:32:28.910	      196719	     -282.50	       18.70	      209.23	       32511	       18.93	          48
     1948920	0:32:28.920	      196720	     -257.17	       18.50	      209.80	       32511	       19.02	          48
     1948930	0:32:28.930	      196721	     -232.18	       17.95	      199.48	       32511	       18.62	          48
     1948940	0:32:28.940	      196722	     -245.63	       18.63	      192.83	       32511	       19.12	          48
     1948950	0:32:28.950	      196723	     -250.30	       18.70	      198.52	       32511	       18.62	          48
     1948960	0:32:28.960	      196724	     -245.46	       18.43	      190.90	       32511	       17.76	          48
     1948970	0:32:28.970	      196725	     -256.17	       18.58	      194.10	       32511	       19.22	          48
     1948980	0:32:28.980	      196726	     -242.57	       18.21	      187.33	       32511	       19.01	          48
     1948990	0:32:28.990	      196727	     -232.92	       18.77	      183.13	       32511	       18.17	          48
     1949000	0:32:29.0	      196728	     -239.36	       18.48	      176.61	       32511	       18.94	          48
     1949010	0:32:29.10	      196729	     -214.57	       18.52	      173.81	       32511	       18.52	          48
     1949020	0:32:29.20	      196730	     -220.75	       18.68	      173.56	       32511	       18.44	          48
     1949030	0:32:29.30	      196731	     -217.30	       18.47	      169.32	       32511	       19.25	          48
     1949040	0:32:29.40	      196732	     -225.68	       18.00	      174.52	       32511	       18.62	          48
     1949050	0:32:29.50	      196733	     -210.27	       18.17	      161.82	       32511	       18.87	          48
     1949060	0:32:29.60	      196734	     -214.75	       18.73	      161.54	       32511	       18.71	          48
     1949070	0:32:29.70	      196735	     -194.95	       18.83	      159.28	       32511	       18.99	          48
     1949080	0:32:29.80	      196736	     -199.34	       18.42	      154.58	       32511	       18.87	          48
     1949090	0:32:29.90	      196737	     -192.93	       18.70	      148.86	       32511	       18.64	          48
     1949100	0:32:29.100	      196738	     -214.01	       18.58	      153.84	       32511	       18.81	          48
     1949110	0:32:29.110	      196739	     -199.60	       18.26	      150.64	       32511	       18.24	          48
     1949120	0:32:29.120	      196740	     -184.59	       18.09	      145.67	       32511	       18.26	          48
     1949130	0:32:29.130	      196741	     -192.98	       18.05	      145.05	       32511	       18.42	          48
     1949140	0:32:29.140	      196742	     -204.53	       17.93	      141.70	       32511	       18.14	          48
     1949150	0:32:29.150	      196743	     -204.68	       18.25	      133.19	       32511	       18.45	          48
     1949160	0:32:29.160	      196744	     -200.35	       18.43	      129.97	       32511	       17.81	          48
     1949170	0:32:29.170	      196745	     -172.00	       17.96	      128.75	       32511	       18.49	          48
     1949180	0:32:29.180	      196746	     -171.30	       18.14	      135.12	       32511	       17.78	          48
     1949190	0:32:29.190	      196747	     -166.02	       18.18	      128.57	       32511	       18.25	          48
     1949200	0:32:29.200	      196748	     -160.08	       18.18	      127.33	       32511	       17.26	          48
     1949210	0:32:29.210	      196749	     -153.69	       18.21	      119.70	       32511	       17.39	          48
     1949220	0:32:29.220	      196750	     -173.92	       18.15	      128.47	       32511	       19.00	          48
     1949230	0:32:29.230	      196751	     -157.56	       18.15	      115.28	       32511	       18.51	          48
     1949240	0:32:29.240	      196752	     -162.61	       18.19	      116.82	       32511	       18.42	          48
     1949250	0:32:29.250	      196753	     -151.76	       18.18	      116.04	       32511	       18.40	          48
     1949260	0:32:29.260	      196754	     -173.26	       17.87	      113.41	       32511	       17.63	          48
     1949270	0:32:29.270	      196755	     -134.40	       18.07	      109.87	       32511	       17.65	          48
     1949280	0:32:29.280	      196756	     -151.86	       17.92	      105.56	       32511	       18.53	          48
     1949290	0:32:29.290	      196757	     -142.84	       17.90	      104.22	       32511	       17.93	          48
     1949300	0:32:29.300	      196758	     -138.06	       17.94	      103.97	       32511	       17.66	          48
     1949310	0:32:29.310	      196759	     -124.59	       18.37	       98.99	       32511	       18.24	          48
     1949320	0:32:29.320	      196760	     -122.34	       17.88	      101.56	       32511	       17.94	          48
     1949330	0:32:29.330	      196761	     -142.92	       18.28	       99.56	       32511	       17.91	          48
     1949340	0:32:29.340	      196762	     -125.56	       18.06	       96.96	       32511	       16.96	          48
     1949350	0:32:29.350	      196763	     -127.03	       18.12	       93.29	       32511	       18.30	          48
     1949360	0:32:29.360	      196764	     -116.23	       18.22	       89.08	       32511	       17.43	          48
     1949370	0:32:29.370	      196765	     -126.58	       18.01	       89.24	       32511	       18.71	          48
     1949380	0:32:29.380	      196766	     -111.98	       17.95	       89.95	       32511	       17.37	          48
     1949390	0:32:29.390	      196767	     -106.89	       17.82	       84.96	       32511	       18.39	          48
     1949400	0:32:29.400	      196768	     -135.06	       18.21	       82.82	       32511	       17.98	          48
     1949410	0:32:29.410	      196769	     -118.38	       17.73	       83.62	       32511	       17.97	          48
     1949420	0:32:29.420	      196770	      -97.90	       17.63	       78.52	       32511	       17.47	          48
     1949430	0:32:29.430	      196771	     -108.62	       18.03	       75.47	       32511	       18.22	          48
     1949440	0:32:29.440	      196772	      -95.65	       17.93	       75.91	       32511	       18.62	          48
     1949450	0:32:29.450	      196773	     -108.57	       17.93	       76.25	       32511	       17.40	          48
     1949460	0:32:29.460	      196774	      -95.17	       17.89	       74.29	       32511	       17.36	          48
     1949470	0:32:29.470	      196775	      -94.75	       18.04	       70.60	       32511	       18.05	          48
     1949480	0:32:29.480	      196776	      -83.77	       17.82	       71.36	       32511	       18.17	          48
     1949490	0:32:29.490	      196777	      -92.26	       17.92	       67.78	       32511	       18.24	          48
     1949500	0:32:29.500	      196778	      -96.28	       17.36	       62.73	       32511	       18.11	          48
     1949510	0:32:29.510	      196779	      -85.67	       18.73	       64.10	       32511	       17.41	          48
     1949520	0:32:29.520	      196780	      -77.57	       17.54	       65.81	       32511	       17.85	          48
     1949530	0:32:29.530	      196781	      -72.53	       17.87	       62.20	       32511	       17.32	          48
     1949540	0:32:29.540	      196782	      -90.03	       17.48	       59.24	       32511	       17.51	          48
     1949550	0:32:29.550	      196783	      -79.68	       17.72	       62.27	       32511	       17.75	          48
     1949560	0:32:29.560	      196784	      -96.58	       17.59	       57.10	       32511	       17.66	          48
     1949570	0:32:29.570	      196785	      -76.86	       17.70	       57.52	       32511	       17.20	          48
     1949580	0:32:29.580	      196786	      -79.25	       17.82	       58.39	       32511	       17.30	          48
     1949590	0:32:29.590	      196787	      -69.09	       17.41	       49.29	       32511	       17.85	          48
     1949600	0:32:29.600	      196788	      -51.78	       17.64	       52.94	       32511	       17.80	          48
     1949610	0:32:29.610	      196789	      -80.51	       18.24	       52.32	       32511	       18.16	          48
     1949620	0:32:29.620	      196790	      -67.84	       17.84	       46.99	       32511	       16.61	          48
     1949630	0:32:29.630	      196791	      -81.55	       17.34	       46.91	       32511	       16.90	          48
     1949640	0:32:29.640	      196792	      -42.41	       17.71	       50.35	       32511	       17.01	          48
     1949650	0:32:29.650	      196793	      -71.83	       17.95	       48.23	       32511	       17.81	          48
     1949660	0:32:29.660	      196794	      -54.64	       17.97	       45.55	       32511	       16.69	          48
     1949670	0:32:29.670	      196795	      -53.81	       17.48	       43.10	       32511	       17.72	          48
     1949680	0:32:29.680	      196796	      -48.52	       18.20	       41.93	       32511	       17.01	          48
     1949690	0:32:29.690	      196797	      -56.55	       17.82	       44.51	       32511	       17.74	          48
     1949700	0:32:29.700	      196798	      -56.35	       17.76	       41.37	       32511	       18.72	          48
     1949710	0:32:29.710	      196799	      -44.42	       17.72	       43.01	       32511	       17.77	          48
     1949720	0:32:29.720	      196800	      -33.60	       17.83	       35.99	       32511	       17.08	          48
     1949730	0:32:29.730	      196801	      -50.42	       17.89	       37.10	       32511	       17.61	          48
     1949740	0:32:29.740	      196802	      -45.13	       17.92	       35.21	       32511	       17.64	          48
     1949750	0:32:29.750	      196803	      -35.06	       17.85	       37.05	       32511	       17.92	          48
     1949760	0:32:29.760	      196804	      -40.52	       17.50	       34.67	       32511	       17.69	          48
     1949770	0:32:29.770	      196805	      -52.43	       17.34	       35.14	       32511	       17.54	          48
     1949780	0:32:29.780	      196806	      -21.05	       17.71	       27.46	       32511	       17.68	          48
     1949790	0:32:29.790	      196807	      -30.72	       18.03	       33.42	       32511	       18.35	          48
     1949800	0:32:29.800	      196808	      -22.83	       17.76	       30.66	       32511	       16.17	          48
     1949810	0:32:29.810	      196809	      -19.86	       17.73	       31.71	       32511	       18.01	          48
     1949820	0:32:29.820	      196810	      -25.22	       17.79	       28.10	       32511	       17.63	          48
     1949830	0:32:29.830	      196811	      -24.19	       17.64	       26.58	       32511	       17.21	          48
     1949840	0:32:29.840	      196812	      -14.33	       17.60	       30.20	       32511	       17.39	          48
     1949850	0:32:29.850	      196813	      -28.40	       17.94	       23.08	       32511	       17.53	          48
     1949860	0:32:29.860	      196814	      -16.77	       17.85	       19.28	       32511	       17.52	          48
     1949870	0:32:29.870	      196815	      -26.70	       17.76	       22.61	       32511	       16.53	          48
     1949880	0:32:29.880	      196816	      -33.33	       17.62	       25.43	       32511	       17.48	          48
     1949890	0:32:29.890	      196817	      -13.27	       17.56	       20.85	       32511	       16.94	          48
     1949900	0:32:29.900	      196818	       -6.79	       17.33	       20.40	       32511	       16.77	          48
     1949910	0:32:29.910	      196819	       -4.27	       17.30	       22.59	       32511	       16.85	          48
     1949920	0:32:29.920	      196820	      -17.45	       17.85	       19.47	       32511	       18.04	          48
     1949930	0:32:29.930	      196821	      -21.33	       18.01	       20.43	       32511	       17.46	          48
     1949940	0:32:29.940	      196822	      -18.33	       17.88	       16.66	       32511	       17.37	          48
     1949950	0:32:29.950	      196823	      -10.51	       17.79	       18.77	       32511	       17.88	          48
     1949960	0:32:29.960	      196824	       11.47	       17.91	       16.56	       32511	       17.29	          48
     1949970	0:32:29.970	      196825	      -24.70	       17.68	       16.38	       32511	       17.00	          48
     1949980	0:32:29.980	      196826	       -0.47	       18.08	       13.92	       32511	       17.37	          48
     1949990	0:32:29.990	      196827	      -16.12	       17.55	       16.85	       32511	       17.24	          48
     1950000	0:32:30.0	      196828	      -10.80	       17.33	       13.54	       32511	       18.19	          48
     1950010	0:32:30.10	      196829	       17.87	       17.53	       11.53	       32511	       17.92	          48
     1950020	0:32:30.20	      196830	        0.67	       17.84	       13.63	       32511	       18.39	          48
     1950030	0:32:30.30	      196831	       18.97	       17.38	       15.86	       32511	       16.95	          48
     1950040	0:32:30.40	      196832	        1.89	       17.74	       18.23	       32511	       17.04	          48
     1950050	0:32:30.50	      196833	       -0.74	       17.82	       15.90	       32511	       17.66	          48
     1950060	0:32:30.60	      196834	        8.53	       17.68	        9.60	       32511	       17.92	          48
     1950070	0:32:30.70	      196835	       13.04	       17.90	       10.45	       32511	       17.54	          48
     1950080	0:32:30.80	      196836	       12.10	       18.07	        8.68	       32511	       17.29	          48
     1950090	0:32:30.90	      196837	       15.79	       18.36	        4.67	       32511	       17.76	          48
     1950100	0:32:30.100	      196838	       15.65	       17.56	       10.53	       32511	       17.50	          48
     1950110	0:32:30.110	      196839	        0.60	       17.75	        4.51	       32511	       17.22	          48
     1950120	0:32:30.120	      196840	       27.55	       17.79	        5.78	       32511	       17.26	          48
     1950130	0:32:30.130	      196841	       11.59	       17.67	        5.04	       32511	       17.31	          48
     1950140	0:32:30.140	      196842	        6.32	       17.81	        8.01	       32511	       17.23	          48
     1950150	0:32:30.150	      196843	       23.02	       17.65	        6.11	       32511	       17.19	          48
     1950160	0:32:30.160	      196844	       26.73	       17.70	        5.39	       32511	       17.74	          48
     1950170	0:32:30.170	      196845	       14.98	       17.34	        0.82	       32511	       18.26	          48
     1950180	0:32:30.180	      196846	       27.22	       17.63	        6.55	       32511	       17.80	          48
     1950190	0:32:30.190	      196847	       42.63	       17.35	        4.64	       32511	       17.05	          48
     1950200	0:32:30.200	      196848	       31.14	       17.31	        6.12	       32511	       17.93	          48
     1950210	0:32:30.210	      196849	       34.45	       17.19	        0.72	       32511	       16.80	          48
     1950220	0:32:30.220	      196850	       32.22	       17.52	        1.29	       32511	       17.14	          48
     1950230	0:32:30.230	      196851	       14.86	       17.85	        5.13	       32511	       17.86	          48
     1950240	0:32:30.240	      196852	       23.45	       17.62	        4.11	       32511	       17.19	          48
     1950250	0:32:30.250	      196853	       23.18	       17.90	        2.19	       32511	       17.28	          48
     1950260	0:32:30.260	      196854	       38.48	       17.55	        5.42	       32511	       17.34	          48
     1950270	0:32:30.270	      196855	       27.73	       18.04	        5.38	       32511	       17.93	          48
     1950280	0:32:30.280	      196856	       32.00	       17.91	        1.61	       32511	       16.97	          48
     1950290	0:32:30.290	      196857	       44.69	       17.54	        1.77	       32511	       17.52	          48
     1950300	0:32:30.300	      196858	       44.63	       17.70	        5.18	       32511	       17.75	          48
     1950310	0:32:30.310	      196859	       31.17	       17.60	        5.41	       32511	       17.15	          48
     1950320	0:32:30.320	      196860	       20.98	       17.47	        5.76	       32511	       17.38	          48
     1950330	0:32:30.330	      196861	       41.19	       17.25	        4.92	       32511	       18.61	          48
     1950340	0:32:30.340	      196862	       33.93	       17.85	        5.37	       32511	       16.95	          48
     1950350	0:32:30.350	      196863	       17.89	       17.41	        4.04	       32511	       17.63	          48
     1950360	0:32:30.360	      196864	       29.39	       17.31	        4.99	       32511	       16.93	          48
     1950370	0:32:30.370	      196865	       36.28	       17.78	        4.84	       32511	       16.71	          48
     1950380	0:32:30.380	      196866	       36.66	       17.57	        4.28	       32511	       17.93	          48
     1950390	0:32:30.390	      196867	       30.00	       17.71	        4.52	       32511	       17.21	          48
     1950400	0:32:30.400	      196868	       32.20	       17.88	        6.40	       32511	       17.69	          48
     1950410	0:32:30.410	      196869	       31.68	       17.37	        5.02	       32511	       17.82	          48
     1950420	0:32:30.420	      196870	       37.92	       17.60	        5.94	       32511	       16.96	          48
     1950430	0:32:30.430	      196871	       46.33	       17.39	        4.08	       32511	       17.23	          48
     1950440	0:32:30.440	      196872	       26.77	       17.65	        2.86	       32511	       18.31	          48
     1950450	0:32:30.450	      196873	       26.62	       17.62	        3.75	       32511	       16.69	          48
     1950460	0:32:30.460	      196874	       40.17	       17.52	        5.63	       32511	       18.45	          48
     1950470	0:32:30.470	      196875	       46.15	       17.65	        1.14	       32511	       17.42	          48
     1950480	0:32:30.480	      196876	       33.70	       17.84	        3.41	       32511	       16.87	          48
     1950490	0:32:30.490	      196877	       67.61	       17.70	        4.40	       32511	       16.33	          48
     1950500	0:32:30.500	      196878	       34.53	       17.66	        6.34	       32511	       17.93	          48
     1950510	0:32:30.510	      196879	       37.12	       17.67	        4.87	       32511	       17.50	          48
     1950520	0:32:30.520	      196880	       40.37	       17.96	        6.67	       32511	       17.33	          48
     1950530	0:32:30.530	      196881	       32.37	       17.41	        4.10	       32511	       17.69	          48
     1950540	0:32:30.540	      196882	       22.47	       17.74	        8.43	       32511	       16.50	          48
     1950550	0:32:30.550	      196883	       51.57	       17.80	        5.05	       32511	       17.43	          48
     1950560	0:32:30.560	      196884	       34.12	       17.53	        6.82	       32511	       16.55	          48
     1950570	0:32:30.570	      196885	       42.23	       17.93	        0.55	       32511	       18.32	          48
     1950580	0:32:30.580	      196886	       30.86	       17.81	        6.21	       32511	       17.41	          48
     1950590	0:32:30.590	      196887	       44.27	       17.64	        6.76	       32511	       16.73	          48
     1950600	0:32:30.600	      196888	       38.14	       17.81	        6.04	       32511	       16.90	          48
     1950610	0:32:30.610	      196889	       51.34	       17.56	        6.18	       32511	       16.84	          48
     1950620	0:32:30.620	      196890	       33.86	       17.39	        4.14	       32511	       17.22	          48
     1950630	0:32:30.630	      196891	       31.68	       17.80	        2.53	       32511	       17.16	          48
     1950640	0:32:30.640	      196893	       25.02	       18.21	        2.91	       32511	       16.84	          16
     1950650	0:32:30.650	      196894	       48.40	       20.73	        3.29	       32511	       16.19	          16
     1950660	0:32:30.660	      196895	       43.24	       21.17	       -0.04	       32511	       17.36	          16
     1950670	0:32:30.670	      196896	       33.87	       24.34	        2.67	       32511	       16.94	          16
     1950680	0:32:30.680	      196897	       50.58	       25.44	        5.75	       32511	       17.36	          16
     1950690	0:32:30.690	      196898	       45.84	       25.16	        8.62	       32511	       17.60	          16
     1950700	0:32:30.700	      196899	       43.89	       25.49	       14.55	       32511	       17.29	          16
     1950710	0:32:30.710	      196900	       82.77	       26.14	       15.29	       32511	       18.95	          16
     1950720	0:32:30.720	      196901	      129.15	       26.03	       25.41	       32511	       17.68	          16
     1950730	0:32:30.730	      196902	      249.65	       26.98	       33.47	       32511	       18.48	          16
     1950740	0:32:30.740	      196903	      353.62	       27.01	       41.84	       32511	       18.10	          16
     1950750	0:32:30.750	      196904	      367.23	       26.94	       43.64	       32511	       17.87	          16
     1950760	0:32:30.760	      196905	      443.61	       27.16	       49.72	       32511	       18.32	          16
     1950770	0:32:30.770	      196906	      505.55	       27.25	       55.07	       32511	       18.52	          16
     1950780	0:32:30.780	      196907	      613.18	       27.41	       69.09	       32511	       18.31	          16
     1950790	0:32:30.790	      196908	      697.27	       27.84	       68.94	       32511	       17.56	          16
     1950800	0:32:30.800	      196909	      760.85	       27.74	       75.39	       32511	       18.19	          16
     1950810	0:32:30.810	      196910	      873.63	       28.08	       93.89	       32511	       18.33	          16
     1950820	0:32:30.820	      196911	      852.47	       28.27	      100.05	       32511	       18.29	          16
     1950830	0:32:30.830	      196912	      857.80	       28.46	       99.69	       32511	       18.33	          16
     1950840	0:32:30.840	      196913	      852.44	       28.86	      103.04	       32511	       19.06	          16
     1950850	0:32:30.850	      196914	      854.73	       28.93	      113.12	       32511	       18.85	          16
     1950860	0:32:30.860	      196915	      850.60	       28.96	      116.22	       32511	       19.38	          16
     1950870	0:32:30.870	      196916	      842.02	       29.64	      125.69	       32511	       18.64	          16
     1950880	0:32:30.880	      196917	      855.89	       29.64	      133.46	       32511	       19.75	          16
     1950890	0:32:30.890	      196918	      840.62	       29.87	      137.27	       32511	       19.08	          16
     1950900	0:32:30.900	      196919	      852.57	       30.16	      153.44	       32511	       19.82	          16
     1950910	0:32:30.910	      196920	      873.66	       30.32	      161.73	       32511	       18.75	          16
     1950920	0:32:30.920	      196921	      843.36	       30.29	      163.45	       32511	       18.92	          16
     1950930	0:32:30.930	      196922	      844.57	       30.41	      169.24	       32511	       19.24	          16
     1950940	0:32:30.940	      196923	      844.82	       30.84	      175.36	       32511	       19.40	          16
     1950950	0:32:30.950	      196924	      848.89	       31.09	      181.99	       32511	       19.64	          16
     1950960	0:32:30.960	      196925	      850.86	       30.89	      192.04	       32511	       19.22	          16
     1950970	0:32:30.970	      196926	      846.90	       31.66	      198.31	       32511	       19.37	          16
     1950980	0:32:30.980	      196927	      859.33	       31.65	      205.13	       32511	       19.71	          16
     1950990	0:32:30.990	      196928	      866.24	       31.68	      218.65	       32511	       19.78	          16
     1951000	0:32:31.0	      196929	      858.55	       32.02	      220.39	       32511	       20.27	          16
     1951010	0:32:31.10	      196930	      861.56	       31.93	      227.93	       32511	       20.33	          16
     1951020	0:32:31.20	      196931	      849.57	       32.27	      232.22	       32511	       19.99	          16
     1951030	0:32:31.30	      196932	      849.91	       32.31	      241.92	       32511	       20.65	          16
     1951040	0:32:31.40	      196933	      874.20	       32.82	      254.58	       32511	       19.74	          16
     1951050	0:32:31.50	      196934	      849.25	       33.06	      261.73	       32511	       21.37	          16
     1951060	0:32:31.60	      196935	      850.35	       32.96	      269.05	       32511	       20.23	          16
     1951070	0:32:31.70	      196936	      859.55	       33.34	      273.58	       32511	       20.27	          16
     1951080	0:32:31.80	      196937	      862.17	       33.77	      270.57	       32511	       20.03	          16
     1951090	0:32:31.90	      196938	      855.77	       33.86	      283.90	       32511	       19.96	          16
     1951100	0:32:31.100	      196939	      846.68	       33.66	      288.69	       32511	       20.19	          16
     1951110	0:32:31.110	      196940	      855.37	       33.54	      300.61	       32511	       21.93	          16
     1951120	0:32:31.120	      196941	      878.31	       33.75	      304.57	       32511	       20.48	          16
     1951130	0:32:31.130	      196942	      863.83	       34.44	      308.07	       32511	       21.17	          16
     1951140	0:32:31.140	      196943	      856.69	       34.28	      322.95	       32511	       20.38	          16
     1951150	0:32:31.150	      196944	      856.21	       34.98	      334.91	       32511	       20.75	          16
     1951160	0:32:31.160	      196945	      849.29	       35.04	      336.92	       32511	       20.89	          16
     1951170	0:32:31.170	      196946	      858.77	       34.97	      340.72	       32511	       21.05	          16
     1951180	0:32:31.180	      196948	      857.64	       35.22	      343.79	       32511	       20.64	          32
     1951190	0:32:31.190	      196949	      855.22	       32.63	      350.67	       32511	       21.01	          32
     1951200	0:32:31.200	      196950	      870.34	       29.22	      359.38	       32511	       21.51	          32
     1951210	0:32:31.210	      196951	      875.99	       27.64	      365.33	       32511	       20.77	          32
     1951220	0:32:31.220	      196952	      843.20	       26.31	      376.75	       32511	       20.68	          32
     1951230	0:32:31.230	      196953	      838.13	       26.82	      375.03	       32511	       21.32	          32
     1951240	0:32:31.240	      196954	      820.49	       26.76	      380.76	       32511	       21.02	          32
     1951250	0:32:31.250	      196955	      786.64	       26.96	      380.87	       32511	       21.20	          32
     1951260	0:32:31.260	      196956	      739.95	       27.52	      383.02	       32511	       21.24	          32
     1951270	0:32:31.270	      196957	      646.48	       27.38	      378.89	       32511	       22.14	          32
     1951280	0:32:31.280	      196958	      546.88	       27.39	      382.11	       32511	       20.88	          32
     1951290	0:32:31.290	      196959	      468.24	       27.52	      377.92	       32511	       21.75	          32
     1951300	0:32:31.300	      196960	      366.72	       27.33	      379.48	       32511	       20.96	          32
     1951310	0:32:31.310	      196961	      208.00	       26.87	      379.89	       32511	       21.19	          32
     1951320	0:32:31.320	      196962	      166.80	       26.78	      384.51	       32511	       21.53	          32
     1951330	0:32:31.330	      196963	       98.92	       26.88	      378.78	       32511	       19.90	          32
     1951340	0:32:31.340	      196964	      121.45	       26.70	      380.68	       32511	       20.62	          32
     1951350	0:32:31.350	      196965	       57.88	       26.86	      381.04	       32511	       20.68	          32
     1951360	0:32:31.360	      196966	       45.67	       27.04	      374.83	       32511	       21.33	          32
     1951370	0:32:31.370	      196967	       55.92	       26.83	      379.90	       32511	       20.18	          32
     1951380	0:32:31.380	      196968	       54.16	       27.01	      381.29	       32511	       20.69	          32
     1951390	0:32:31.390	      196969	       86.37	       26.89	      382.17	       32511	       21.79	          32
     1951400	0:32:31.400	      196970	       70.18	       26.82	      378.29	       32511	       20.52	          32
     1951410	0:32:31.410	      196971	       62.02	       26.70	      380.20	       32511	       21.06	          32
     1951420	0:32:31.420	      196972	       96.48	       26.89	      381.47	       32511	       21.54	          32
     1951430	0:32:31.430	      196973	       67.02	       26.49	      379.84	       32511	       20.90	          32
     1951440	0:32:31.440	      196974	       80.50	       26.74	      378.96	       32511	       21.28	          32
     1951450	0:32:31.450	      196975	       76.96	       26.43	      377.16	       32511	       21.57	          32
     1951460	0:32:31.460	      196976	       79.06	       26.36	      378.72	       32511	       22.01	          32
     1951470	0:32:31.470	      196977	       74.68	       26.47	      380.80	       32511	       20.94	          32
     1951480	0:32:31.480	      196978	       82.30	       26.71	      381.37	       32511	       20.76	          32
     1951490	0:32:31.490	      196980	       62.57	       26.23	      382.46	       32511	       20.66	          48
     1951500	0:32:31.500	      196981	       78.43	       25.82	      380.16	       32511	       20.74	          48
     1951510	0:32:31.510	      196982	       84.00	       23.10	      379.05	       32511	       20.74	          48
     1951520	0:32:31.520	      196983	       80.13	       21.75	      381.68	       32511	       21.64	          48
     1951530	0:32:31.530	      196984	       67.94	       20.51	      372.33	       32511	       20.65	          48
     1951540	0:32:31.540	      196985	       32.30	       19.06	      373.76	       32511	       20.67	          48
     1951550	0:32:31.550	      196986	        5.45	       19.35	      366.71	       32511	       20.31	          48
     1951560	0:32:31.560	      196987	        2.30	       19.63	      365.54	       32511	       21.02	          48
     1951570	0:32:31.570	      196988	      -80.66	       20.01	      355.01	       32511	       19.17	          48
     1951580	0:32:31.580	      196989	      -90.50	       19.92	      358.14	       32511	       20.14	          48
     1951590	0:32:31.590	      196990	     -180.21	       19.96	      342.05	       32511	       21.29	          48
     1951600	0:32:31.600	      196991	     -253.40	       20.16	      341.62	       32511	       20.87	          48
     1951610	0:32:31.610	      196992	     -235.23	       19.82	      345.72	       32511	       20.69	          48
     1951620	0:32:31.620	      196993	     -283.34	       19.86	      333.59	       32511	       20.34	          48
     1951630	0:32:31.630	      196994	     -317.19	       19.85	      327.31	       32511	       20.49	          48
     1951640	0:32:31.640	      196995	     -330.58	       20.05	      319.80	       32511	       20.62	          48
     1951650	0:32:31.650	      196996	     -344.29	       19.51	      321.80	       32511	       20.61	          48
     1951660	0:32:31.660	      196997	     -385.80	       19.47	      310.21	       32511	       20.85	          48
     1951670	0:32:31.670	      196998	     -379.50	       19.34	      303.23	       32511	       19.93	          48
     1951680	0:32:31.680	      196999	     -369.44	       19.63	      298.32	       32511	       20.23	          48
     1951690	0:32:31.690	      197000	     -377.81	       19.33	      296.45	       32511	       19.80	          48
     1951700	0:32:31.700	      197001	     -370.88	       19.38	      294.47	       32511	       19.70	          48
     1951710	0:32:31.710	      197002	     -369.46	       19.30	      292.74	       32511	       19.81	          48
     1951720	0:32:31.720	      197003	     -351.84	       19.07	      288.26	       32511	       19.64	          48
     1951730	0:32:31.730	      197004	     -347.02	       19.17	      279.95	       32511	       19.58	          48
     1951740	0:32:31.740	      197005	     -342.86	       18.94	      276.49	       32511	       19.46	          48
     1951750	0:32:31.750	      197006	     -340.92	       19.48	      273.95	       32511	       19.46	          48
     1951760	0:32:31.760	      197007	     -330.71	       18.82	      266.08	       32511	       18.51	          48
     1951770	0:32:31.770	      197008	     -320.49	       18.88	      256.96	       32511	       19.00	          48
     1951780	0:32:31.780	      197009	     -334.65	       19.27	      262.19	       32511	       18.43	          48
     1951790	0:32:31.790	      197010	     -293.81	       19.06	      257.93	       32511	       19.80	          48
     1951800	0:32:31.800	      197011	     -309.25	       18.80	      249.52	       32511	       19.93	          48
     1951810	0:32:31.810	      197012	     -307.17	       19.00	      246.29	       32511	       19.61	          48
     1951820	0:32:31.820	      197013	     -303.67	       19.02	      244.96	       32511	       19.32	          48
     1951830	0:32:31.830	      197014	     -301.53	       18.75	      233.80	       32511	       19.12	          48
     1951840	0:32:31.840	      197015	     -306.52	       18.61	      232.41	       32511	       18.73	          48
     1951850	0:32:31.850	      197016	     -283.38	       18.56	      236.77	       32511	       20.17	          48
     1951860	0:32:31.860	      197017	     -279.03	       19.00	      225.07	       32511	       18.86	          48
     1951870	0:32:31.870	      197018	     -267.71	       18.77	      222.95	       32511	       18.86	          48
     1951880	0:32:31.880	      197019	     -275.33	       18.61	      223.76	       32511	       19.25	          48
     1951890	0:32:31.890	      197020	     -288.48	       18.47	      218.18	       32511	       19.52	          48
     1951900	0:32:31.900	      197021	     -256.29	       18.67	      211.38	       32511	       18.34	          48
     1951910	0:32:31.910	      197022	     -249.60	       18.43	      210.58	       32511	       19.23	          48
     1951920	0:32:31.920	      197023	     -238.95	       18.69	      207.96	       32511	       19.16	          48
     1951930	0:32:31.930	      197024	     -258.55	       18.44	      200.51	       32511	       19.52	          48
     1951940	0:32:31.940	      197025	     -241.90	       18.69	      199.95	       32511	       17.65	          48
     1951950	0:32:31.950	      197026	     -226.76	       18.67	      196.94	       32511	       19.32	          48
     1951960	0:32:31.960	      197027	     -254.27	       18.54	      192.59	       32511	       18.41	          48
     1951970	0:32:31.970	      197028	     -226.07	       18.49	      189.22	       32511	       18.56	          48
     1951980	0:32:31.980	      197029	     -249.07	       18.42	      191.84	       32511	       18.11	          48
     1951990	0:32:31.990	      197030	     -215.73	       18.62	      184.37	       32511	       18.64	          48
     1952000	0:32:32.0	      197031	     -225.66	       18.26	      177.65	       32511	       18.15	          48
     1952010	0:32:32.10	      197032	     -217.97	       18.69	      177.58	       32511	       18.23	          48
     1952020	0:32:32.20	      197033	     -218.17	       18.33	      173.46	       32511	       19.03	          48
     1952030	0:32:32.30	      197034	     -199.04	       18.59	      170.04	       32511	       17.73	          48
     1952040	0:32:32.40	      197035	     -209.10	       18.38	      166.56	       32511	       18.26	          48
     1952050	0:32:32.50	      197036	     -195.08	       18.49	      172.23	       32511	       18.81	          48
     1952060	0:32:32.60	      197037	     -206.22	       18.22	      165.74	       32511	       17.91	          48
     1952070	0:32:32.70	      197038	     -214.43	       18.44	      157.49	       32511	       18.38	          48
     1952080	0:32:32.80	      197039	     -200.47	       18.21	      155.95	       32511	       18.56	          48
     1952090	0:32:32.90	      197040	     -195.65	       18.38	      155.24	       32511	       18.44	          48
     1952100	0:32:32.100	      197041	     -194.25	       18.22	      150.93	       32511	       18.88	          48
     1952110	0:32:32.110	      197042	     -172.95	       18.60	      152.40	       32511	       18.67	          48
     1952120	0:32:32.120	      197043	     -193.34	       18.42	      144.19	       32511	       18.26	          48
     1952130	0:32:32.130	      197044	     -193.30	       18.31	      140.88	       32511	       17.68	          48
     1952140	0:32:32.140	      197045	     -185.34	       18.03	      137.98	       32511	       17.83	          48
     1952150	0:32:32.150	      197046	     -177.69	       17.98	      136.52	       32511	       18.08	          48
     1952160	0:32:32.160	      197047	     -188.62	       18.15	      137.26	       32511	       17.72	          48
     1952170	0:32:32.170	      197048	     -181.13	       17.76	      132.34	       32511	       19.35	          48
     1952180	0:32:32.180	      197049	     -172.80	       17.91	      130.56	       32511	       18.26	          48
     1952190	0:32:32.190	      197050	     -174.10	       18.28	      129.27	       32511	       17.91	          48
     1952200	0:32:32.200	      197051	     -161.51	       17.84	      128.54	       32511	       18.89	          48
     1952210	0:32:32.210	      197052	     -165.84	       18.40	      121.71	       32511	       18.17	          48
     1952220	0:32:32.220	      197053	     -153.70	       17.76	      122.06	       32511	       18.36	          48
     1952230	0:32:32.230	      197054	     -151.64	       18.30	      112.31	       32511	       18.54	          48
     1952240	0:32:32.240	      197055	     -154.41	       17.70	      115.65	       32511	       18.67	          48
     1952250	0:32:32.250	      197056	     -145.68	       18.08	      112.63	       32511	       17.37	          48
     1952260	0:32:32.260	      197057	     -153.53	       17.75	      109.48	       32511	       18.39	          48
     1952270	0:32:32.270	      197058	     -121.31	       18.00	      110.15	       32511	       17.69	          48
     1952280	0:32:32.280	      197059	     -147.94	       18.00	      113.77	       32511	       17.26	          48
     1952290	0:32:32.290	      197060	     -141.31	       17.78	      105.08	       32511	       18.42	          48
     1952300	0:32:32.300	      197061	     -134.70	       17.75	      101.19	       32511	       18.18	          48
     1952310	0:32:32.310	      197062	     -127.57	       17.86	      103.89	       32511	       17.99	          48
     1952320	0:32:32.320	      197063	     -134.02	       17.65	       97.44	       32511	       17.87	          48
     1952330	0:32:32.330	      197064	     -133.21	       18.14	       95.66	       32511	       17.03	          48
     1952340	0:32:32.340	      197065	     -121.71	       18.01	       97.61	       32511	       16.90	          48
     1952350	0:32:32.350	      197066	     -124.79	       17.71	       96.46	       32511	       18.05	          48
     1952360	0:32:32.360	      197067	     -131.98	       17.83	       94.96	       32511	       16.89	          48
     1952370	0:32:32.370	      197068	     -126.04	       17.98	       90.25	       32511	       17.58	          48
     1952380	0:32:32.380	      197069	     -132.24	       17.80	       87.96	       32511	       16.74	          48
     1952390	0:32:32.390	      197070	     -113.95	       17.92	       84.67	       32511	       17.88	          48
     1952400	0:32:32.400	      197071	     -103.79	       17.69	       80.23	       32511	       17.67	          48
     1952410	0:32:32.410	      197072	      -99.59	       18.16	       80.39	       32511	       18.24	          48
     1952420	0:32:32.420	      197073	     -128.95	       17.58	       81.65	       32511	       17.97	          48
     1952430	0:32:32.430	      197074	     -112.89	       17.97	       82.10	       32511	       18.01	          48
     1952440	0:32:32.440	      197075	     -111.46	       18.03	       76.66	       32511	       17.64	          48
     1952450	0:32:32.450	      197076	     -104.18	       18.03	       76.38	       32511	       17.77	          48
     1952460	0:32:32.460	      197077	     -100.12	       17.94	       71.94	       32511	       17.64	          48
     1952470	0:32:32.470	      197078	      -83.81	       17.71	       75.52	       32511	       18.20	          48
     1952480	0:32:32.480	      197079	      -91.01	       17.87	       71.19	       32511	       18.00	          48
     1952490	0:32:32.490	      197080	     -103.13	       17.97	       61.43	       32511	       17.62	          48
     1952500	0:32:32.500	      197081	      -96.39	       17.75	       64.67	       32511	       17.94	          48
     1952510	0:32:32.510	      197082	      -87.13	       18.03	       66.35	       32511	       17.58	          48
     1952520	0:32:32.520	      197083	      -76.96	       17.77	       68.19	       32511	       17.94	          48
     1952530	0:32:32.530	      197084	      -68.10	       17.68	       62.37	       32511	       17.91	          48
     1952540	0:32:32.540	      197085	      -77.80	       17.50	       63.39	       32511	       17.68	          48
     1952550	0:32:32.550	      197086	      -85.02	       17.83	       61.06	       32511	       18.05	          48
     1952560	0:32:32.560	      197087	      -75.64	       17.60	       56.15	       32511	       18.22	          48
     1952570	0:32:32.570	      197088	      -79.97	       17.79	       56.22	       32511	       18.03	          48
     1952580	0:32:32.580	      197089	      -88.97	       18.16	       57.67	       32511	       18.31	          48
     1952590	0:32:32.590	      197090	      -70.12	       17.58	       53.84	       32511	       18.60	          48
     1952600	0:32:32.600	      197091	      -69.12	       17.81	       52.78	       32511	       16.94	          48
     1952610	0:32:32.610	      197092	      -68.98	       17.72	       49.57	       32511	       17.71	          48
     1952620	0:32:32.620	      197093	      -74.76	       17.69	       54.71	       32511	       18.01	          48
     1952630	0:32:32.630	      197094	      -63.84	       17.75	       51.70	       32511	       16.96	          48
     1952640	0:32:32.640	      197095	      -62.61	       17.93	       46.08	       32511	       17.96	          48
     1952650	0:32:32.650	      197096	      -58.97	       17.65	       46.06	       32511	       17.24	          48
     1952660	0:32:32.660	      197097	      -49.65	       17.48	       45.36	       32511	       17.40	          48
     1952670	0:32:32.670	      197098	      -50.64	       18.02	       46.12	       32511	       16.57	          48
     1952680	0:32:32.680	      197099	      -50.38	       17.70	       45.77	       32511	       17.39	          48
     1952690	0:32:32.690	      197100	      -43.68	       17.83	       40.68	       32511	       17.41	          48
     1952700	0:32:32.700	      197101	      -56.37	       17.45	       43.51	       32511	       17.65	          48
     1952710	0:32:32.710	      197102	      -55.31	       17.64	       38.71	       32511	       16.13	          48
     1952720	0:32:32.720	      197103	      -30.91	       17.46	       40.20	       32511	       19.18	          48
     1952730	0:32:32.730	      197104	      -37.92	       18.03	       39.24	       32511	       17.59	          48
     1952740	0:32:32.740	      197105	      -35.23	       17.48	       37.97	       32511	       18.48	          48
     1952750	0:32:32.750	      197106	      -29.88	       17.93	       31.52	       32511	       17.75	          48
     1952760	0:32:32.760	      197107	      -22.60	       17.73	       37.92	       32511	       18.14	          48
     1952770	0:32:32.770	      197108	      -10.70	       17.80	       36.50	       32511	       18.72	          48
     1952780	0:32:32.780	      197109	      -32.09	       18.13	       32.93	       32511	       18.04	          48
     1952790	0:32:32.790	      197110	      -30.73	       17.21	       33.75	       32511	       17.56	          48
     1952800	0:32:32.800	      197111	      -38.23	       17.70	       25.77	       32511	       17.01	          48
     1952810	0:32:32.810	      197112	      -11.01	       17.81	       28.22	       32511	       17.37	          48
     1952820	0:32:32.820	      197113	      -29.78	       17.51	       27.90	       32511	       17.38	          48
     1952830	0:32:32.830	      197114	      -33.22	       17.84	       25.83	       32511	       16.93	          48
     1952840	0:32:32.840	      197115	      -21.00	       17.29	       29.00	       32511	       17.05	          48
     1952850	0:32:32.850	      197116	      -18.35	       17.67	       25.85	       32511	       18.03	          48
     1952860	0:32:32.860	      197117	      -38.33	       17.45	       27.68	       32511	       17.87	          48
     1952870	0:32:32.870	      197118	      -18.44	       17.90	       25.38	       32511	       18.04	          48
     1952880	0:32:32.880	      197119	      -21.25	       17.89	       22.42	       32511	       17.67	          48
     1952890	0:32:32.890	      197120	        2.72	       17.89	       25.13	       32511	       18.59	          48
     1952900	0:32:32.900	      197121	      -28.25	       17.75	       21.53	       32511	       17.03	          48
     1952910	0:32:32.910	      197122	       -0.69	       17.95	       21.93	       32511	       18.00	          48
     1952920	0:32:32.920	      197123	      -18.01	       17.42	       22.62	       32511	       17.15	          48
     1952930	0:32:32.930	      197124	       -7.13	       17.52	       16.66	       32511	       17.61	          48
     1952940	0:32:32.940	      197125	      -27.83	       17.74	       21.69	       32511	       18.06	          48
     1952950	0:32:32.950	      197126	      -21.12	       17.66	       17.39	       32511	       17.00	          48
     1952960	0:32:32.960	      197127	      -18.55	       17.49	       16.08	       32511	       17.72	          48
     1952970	0:32:32.970	      197128	       -4.89	       17.58	       20.81	       32511	       17.40	          48
     1952980	0:32:32.980	      197129	       -6.59	       17.51	       19.56	       32511	       17.61	          48
     1952990	0:32:32.990	      197130	       -3.06	       17.67	       17.68	       32511	       18.09	          48
     1953000	0:32:33.0	      197131	       17.68	       17.72	       15.28	       32511	       18.42	          48
     1953010	0:32:33.10	      197132	        8.25	       17.35	       15.75	       32511	       16.65	          48
     1953020	0:32:33.20	      197133	        6.04	       17.43	       15.41	       32511	       17.21	          48
     1953030	0:32:33.30	      197134	       -0.29	       17.85	       17.09	       32511	       16.80	          48
     1953040	0:32:33.40	      197135	       10.58	       17.53	       16.23	       32511	       17.35	          48
     1953050	0:32:33.50	      197136	       10.40	       17.89	       11.43	       32511	       17.37	          48
     1953060	0:32:33.60	      197137	        1.20	       17.59	       15.08	       32511	       18.28	          48
     1953070	0:32:33.70	      197138	       13.14	       17.60	       13.33	       32511	       17.49	          48
     1953080	0:32:33.80	      197139	        8.02	       17.95	        5.38	       32511	       17.29	          48
     1953090	0:32:33.90	      197140	       17.84	       17.77	       14.92	       32511	       17.47	          48
     1953100	0:32:33.100	      197141	       14.60	       17.71	        9.02	       32511	       18.39	          48
     1953110	0:32:33.110	      197142	       17.73	       18.05	        6.43	       32511	       17.89	          48
     1953120	0:32:33.120	      197143	       16.06	       17.82	       11.21	       32511	       17.46	          48
     1953130	0:32:33.130	      197144	       24.80	       17.94	       11.46	       32511	       17.23	          48
     1953140	0:32:33.140	      197145	       28.84	       17.17	       10.67	       32511	       17.04	          48
     1953150	0:32:33.150	      197146	       23.04	       17.58	        8.57	       32511	       17.20	          48
     1953160	0:32:33.160	      197147	       26.61	       17.47	       13.92	       32511	       17.85	          48
     1953170	0:32:33.170	      197148	       44.15	       18.05	        7.08	       32511	       17.55	          48
     1953180	0:32:33.180	      197149	       24.43	       17.80	        5.83	       32511	       17.56	          48
     1953190	0:32:33.190	      197150	       27.24	       17.72	        8.29	       32511	       17.33	          48
     1953200	0:32:33.200	      197151	       48.09	       17.47	        6.05	       32511	       17.65	          48
     1953210	0:32:33.210	      197152	       26.09	       17.72	        7.60	       32511	       16.60	          48
     1953220	0:32:33.220	      197153	       26.31	       17.67	        6.75	       32511	       16.96	          48
     1953230	0:32:33.230	      197154	       30.40	       17.51	        5.80	       32511	       17.05	          48
     1953240	0:32:33.240	      197155	       31.15	       17.94	        7.83	       32511	       16.86	          48
     1953250	0:32:33.250	      197156	       20.86	       17.82	        4.18	       32511	       17.67	          48
     1953260	0:32:33.260	      197157	       39.55	       17.81	        8.76	       32511	       18.56	          48
     1953270	0:32:33.270	      197158	       21.35	       17.58	        4.48	       32511	       17.22	          48
     1953280	0:32:33.280	      197159	       33.24	       17.86	        1.43	       32511	       17.46	          48
     1953290	0:32:33.290	      197160	       28.71	       17.69	        3.76	       32511	       17.25	          48
     1953300	0:32:33.300	      197161	       15.71	       17.15	        5.57	       32511	       17.71	          48
     1953310	0:32:33.310	      197162	       25.68	       17.79	        4.37	       32511	       17.62	          48
     1953320	0:32:33.320	      197163	       46.36	       17.61	        4.48	       32511	       17.42	          48
     1953330	0:32:33.330	      197164	       41.98	       18.15	        2.38	       32511	       16.33	          48
     1953340	0:32:33.340	      197165	       28.04	       17.67	        3.85	       32511	       17.13	          48
     1953350	0:32:33.350	      197166	       43.60	       17.47	        2.00	       32511	       17.35	          48
     1953360	0:32:33.360	      197167	       41.40	       17.53	        7.38	       32511	       17.55	          48
     1953370	0:32:33.370	      197168	       33.08	       17.70	        2.81	       32511	       17.62	          48
     1953380	0:32:33.380	      197169	       27.24	       18.39	        2.80	       32511	       17.89	          48
     1953390	0:32:33.390	      197170	       42.52	       17.52	        6.25	       32511	       16.97	          48
     1953400	0:32:33.400	      197171	       14.81	       17.53	        5.38	       32511	       16.71	          48
     1953410	0:32:33.410	      197172	       21.87	       17.75	        5.00	       32511	       16.98	          48
     1953420	0:32:33.420	      197173	       47.94	       17.64	        4.77	       32511	       16.79	          48
     1953430	0:32:33.430	      197174	       51.77	       17.71	        6.33	       32511	       17.28	          48
     1953440	0:32:33.440	      197175	       43.29	       17.39	        2.53	       32511	       16.40	          48
     1953450	0:32:33.450	      197176	       53.59	       17.52	        1.85	       32511	       18.14	          48
     1953460	0:32:33.460	      197177	       39.14	       17.35	        0.01	       32511	       18.28	          48
     1953470	0:32:33.470	      197178	       33.24	       17.84	       -1.65	       32511	       17.48	          48
     1953480	0:32:33.480	      197179	       48.88	       17.44	        7.32	       32511	       17.72	          48
     1953490	0:32:33.490	      197180	       42.08	       17.71	        6.08	       32511	       17.00	          48
     1953500	0:32:33.500	      197181	       39.96	       17.62	        2.59	       32511	       18.09	          48
     1953510	0:32:33.510	      197182	       49.52	       17.65	        2.43	       32511	       18.47	          48
     1953520	0:32:33.520	      197183	       45.71	       17.86	        6.00	       32511	       17.95	          48
     1953530	0:32:33.530	      197184	       37.62	       17.67	        7.15	       32511	       17.12	          48
     1953540	0:32:33.540	      197185	       67.24	       17.65	        4.78	       32511	       17.81	          48
     1953550	0:32:33.550	      197186	       34.91	       17.62	        7.58	       32511	       17.37	          48
     1953560	0:32:33.560	      197187	       50.21	       17.59	        4.59	       32511	       17.74	          48
     1953570	0:32:33.570	      197188	       32.32	       17.93	        4.01	       32511	       17.88	          48
